{"content": {"suites": {"0": {"status": {"total_pass": 2, "total_skip": 0, "total_xpass": 0, "total_xfail": 0, "total_rerun": 0, "total_fail": 0, "total_error": 0}, "tests": {"0": {"status": "PASS", "message": "", "test_name": "test_param[Admin-admin123]", "rerun": "0"}, "1": {"status": "PASS", "message": "", "test_name": "test_param[Tom-welcome123]", "rerun": "0"}}, "suite_name": "test_pytest_param2.py"}, "1": {"suite_name": "test_pytest_param5.py", "tests": {"0": {"status": "PASS", "message": "", "test_name": "test_param[Sam-welcome]", "rerun": "0"}}, "status": {"total_pass": 1, "total_skip": 0, "total_xpass": 0, "total_xfail": 0, "total_rerun": 0, "total_fail": 0, "total_error": 0}}, "2": {"suite_name": "test_pytest_param6.py", "tests": {"0": {"status": "FAIL", "message": "   selenium.common.exceptions.SessionNotCreatedException: Message: session not created: This version of ChromeDriver only supports Chrome version 125\n   Current browser version is 138.0.7204.168 with binary path C:\\Program Files\\Google\\Chrome\\Application\\chrome.exe\n   Stacktrace:\n   \tGetHandleVerifier [0x00007FF794F81F52+60322]\n   \t(No symbol) [0x00007FF794EFCEC9]\n   \t(No symbol) [0x00007FF794DB7EBA]\n   \t(No symbol) [0x00007FF794DF6202]\n   \t(No symbol) [0x00007FF794DF53D8]\n   \t(No symbol) [0x00007FF794DEEFD7]\n   \t(No symbol) [0x00007FF794DEAF74]\n   \t(No symbol) [0x00007FF794E37934]\n   \t(No symbol) [0x00007FF794E36F90]\n   \t(No symbol) [0x00007FF794E2BFC3]\n   \t(No symbol) [0x00007FF794DF9617]\n   \t(No symbol) [0x00007FF794DFA211]\n   \tGetHandleVerifier [0x00007FF7952994AD+3301629]\n   \tGetHandleVerifier [0x00007FF7952E36D3+3605283]\n   \tGetHandleVerifier [0x00007FF7952D9450+3563680]\n   \tGetHandleVerifier [0x00007FF795034326+790390]\n   \t(No symbol) [0x00007FF794F0750F]\n   \t(No symbol) [0x00007FF794F03404]\n   \t(No symbol) [0x00007FF794F03592]\n   \t(No symbol) [0x00007FF794EF2F9F]\n   \tBaseThreadInitThunk [0x00007FFD9CF87344+20]\n   \tRtlUserThreadStart [0x00007FFD9D8826B1+33]\n", "test_name": "test_param[Admin-admin123]", "rerun": "0"}, "1": {"status": "FAIL", "message": "   selenium.common.exceptions.SessionNotCreatedException: Message: session not created: This version of ChromeDriver only supports Chrome version 125\n   Current browser version is 138.0.7204.168 with binary path C:\\Program Files\\Google\\Chrome\\Application\\chrome.exe\n   Stacktrace:\n   \tGetHandleVerifier [0x00007FF794F81F52+60322]\n   \t(No symbol) [0x00007FF794EFCEC9]\n   \t(No symbol) [0x00007FF794DB7EBA]\n   \t(No symbol) [0x00007FF794DF6202]\n   \t(No symbol) [0x00007FF794DF53D8]\n   \t(No symbol) [0x00007FF794DEEFD7]\n   \t(No symbol) [0x00007FF794DEAF74]\n   \t(No symbol) [0x00007FF794E37934]\n   \t(No symbol) [0x00007FF794E36F90]\n   \t(No symbol) [0x00007FF794E2BFC3]\n   \t(No symbol) [0x00007FF794DF9617]\n   \t(No symbol) [0x00007FF794DFA211]\n   \tGetHandleVerifier [0x00007FF7952994AD+3301629]\n   \tGetHandleVerifier [0x00007FF7952E36D3+3605283]\n   \tGetHandleVerifier [0x00007FF7952D9450+3563680]\n   \tGetHandleVerifier [0x00007FF795034326+790390]\n   \t(No symbol) [0x00007FF794F0750F]\n   \t(No symbol) [0x00007FF794F03404]\n   \t(No symbol) [0x00007FF794F03592]\n   \t(No symbol) [0x00007FF794EF2F9F]\n   \tBaseThreadInitThunk [0x00007FFD9CF87344+20]\n   \tRtlUserThreadStart [0x00007FFD9D8826B1+33]\n", "test_name": "test_param[Sam-welcome]", "rerun": "0"}}, "status": {"total_pass": 0, "total_skip": 0, "total_xpass": 0, "total_xfail": 0, "total_rerun": 0, "total_fail": 2, "total_error": 0}}}}, "date": "July 28, 2025", "start_time": 1753721766.001908, "total_suite": 3, "status": "FAIL", "status_list": {"pass": "3", "fail": "2", "skip": "0", "error": "0", "xpass": "0", "xfail": "0", "rerun": "0"}, "total_tests": "5"}